========================================================================= 
Log Path: summary.log 
[1] "Program Path: /ceph/users/jbenja13/github_projects/dRFEtools_manuscript/brainseq_p1/expression_imputation/onehot_encoding/drfetools/ld_score/comparison/_h/corr_partial.R"
[1] "Working Directory: /ceph/users/jbenja13/github_projects/dRFEtools_manuscript/brainseq_p1/expression_imputation/onehot_encoding/drfetools/ld_score/comparison/_m"
User Name: jbenja13 
R Version: 4.1.2 (2021-11-01) 
Machine: qvm6 x86_64 
Operating System: Linux 5.15.5-arch1-1 #1 SMP PREEMPT Thu, 25 Nov 2021 22:09:33 +0000 
Base Packages: stats graphics grDevices utils datasets methods base
Other Packages: dplyr_1.0.8  
Log Start Time: 2022-03-18 16:19:43 
========================================================================= 

Summary of partial r2 

NOTE: Log Print Time:  2022-03-18 16:19:44 
NOTE: Elapsed Time in seconds: 0.281970262527466 

# A tibble: 6 × 3
  Feature            Max_Variance N_SNPS
  <chr>                     <dbl>  <int>
1 ENSG00000074803_17        0.662     80
2 ENSG00000226278_1         0.392    123
3 ENSG00000263667_1         0.130     70
4 ENSG00000272977_1         0.150     64
5 ENSG00000274512_5         0.276     44
6 ENSG00000280693_2         0.514    141

NOTE: Data frame has 6 rows and 3 columns. 

NOTE: Log Print Time:  2022-03-18 16:19:45 
NOTE: Elapsed Time in seconds: 0.875983238220215 

Summary of features with LD r2 > 0.8 

NOTE: Log Print Time:  2022-03-18 16:19:46 
NOTE: Elapsed Time in seconds: 0.705895900726318 

# A tibble: 6 × 2
  Feature            LD_SNPS
  <chr>                <int>
1 ENSG00000074803_17       9
2 ENSG00000226278_1       13
3 ENSG00000263667_1        3
4 ENSG00000272977_1       24
5 ENSG00000274512_5        3
6 ENSG00000280693_2       19

NOTE: Data frame has 6 rows and 2 columns. 

NOTE: Log Print Time:  2022-03-18 16:19:46 
NOTE: Elapsed Time in seconds: 0.564704895019531 

Table 1: Expression Imputation Results: 

NOTE: Log Print Time:  2022-03-18 16:19:47 
NOTE: Elapsed Time in seconds: 0.99050760269165 

# A tibble: 6 × 5
  Feature            Max_Variance N_SNPS LD_SNPS Percent_LD
  <chr>                     <dbl>  <int>   <int>      <dbl>
1 ENSG00000074803_17        0.662     80       9     0.112 
2 ENSG00000226278_1         0.392    123      13     0.106 
3 ENSG00000263667_1         0.130     70       3     0.0429
4 ENSG00000272977_1         0.150     64      24     0.375 
5 ENSG00000274512_5         0.276     44       3     0.0682
6 ENSG00000280693_2         0.514    141      19     0.135 

NOTE: Data frame has 6 rows and 5 columns. 

NOTE: Log Print Time:  2022-03-18 16:19:48 
NOTE: Elapsed Time in seconds: 0.754570484161377 

Summary of high partial r2, LD: 

NOTE: Log Print Time:  2022-03-18 16:19:49 
NOTE: Elapsed Time in seconds: 0.93398904800415 

              Feature                        SNP Partial_R2
1: ENSG00000074803_17         chr15:48207506:C:T  0.6623818
2: ENSG00000074803_17         chr15:48189468:C:T  0.6388836
3: ENSG00000074803_17 chr15:48187412:CAATGTTTG:C  0.6443931
4: ENSG00000074803_17         chr15:48205182:T:C  0.6088575
5:  ENSG00000280693_2        chr10:103743743:A:G  0.5135568
6:  ENSG00000280693_2        chr10:103745196:A:G  0.5111068
7:  ENSG00000280693_2        chr10:103746464:C:T  0.5135568
8:  ENSG00000280693_2        chr10:103746736:G:A  0.5135568
9:  ENSG00000280693_2        chr10:103746702:G:A  0.5135568

NOTE: Data frame has 9 rows and 3 columns. 

NOTE: Log Print Time:  2022-03-18 16:19:53 
NOTE: Elapsed Time in seconds: 3.98882460594177 

    CHR_A      BP_A                      SNP_A CHR_B      BP_B
 1:    15  48187412 chr15:48187412:CAATGTTTG:C    15  48189468
 2:    15  48187412 chr15:48187412:CAATGTTTG:C    15  48205182
 3:    15  48187412 chr15:48187412:CAATGTTTG:C    15  48207506
 4:    15  48189468         chr15:48189468:C:T    15  48205182
 5:    15  48189468         chr15:48189468:C:T    15  48207506
 6:    15  48205182         chr15:48205182:T:C    15  48207506
 7:    10 103743743        chr10:103743743:A:G    10 103745196
 8:    10 103743743        chr10:103743743:A:G    10 103746464
 9:    10 103743743        chr10:103743743:A:G    10 103746702
10:    10 103743743        chr10:103743743:A:G    10 103746736
11:    10 103745196        chr10:103745196:A:G    10 103746464
12:    10 103745196        chr10:103745196:A:G    10 103746702
13:    10 103745196        chr10:103745196:A:G    10 103746736
14:    10 103746464        chr10:103746464:C:T    10 103746702
15:    10 103746464        chr10:103746464:C:T    10 103746736
16:    10 103746702        chr10:103746702:G:A    10 103746736
                  SNP_B       R2            Feature
 1:  chr15:48189468:C:T 0.988354 ENSG00000074803_17
 2:  chr15:48205182:T:C 0.951700 ENSG00000074803_17
 3:  chr15:48207506:C:T 0.980603 ENSG00000074803_17
 4:  chr15:48205182:T:C 0.940627 ENSG00000074803_17
 5:  chr15:48207506:C:T 0.976596 ENSG00000074803_17
 6:  chr15:48207506:C:T 0.962997 ENSG00000074803_17
 7: chr10:103745196:A:G 0.993899  ENSG00000280693_2
 8: chr10:103746464:C:T 1.000000  ENSG00000280693_2
 9: chr10:103746702:G:A 1.000000  ENSG00000280693_2
10: chr10:103746736:G:A 1.000000  ENSG00000280693_2
11: chr10:103746464:C:T 0.993899  ENSG00000280693_2
12: chr10:103746702:G:A 0.993899  ENSG00000280693_2
13: chr10:103746736:G:A 0.993899  ENSG00000280693_2
14: chr10:103746702:G:A 1.000000  ENSG00000280693_2
15: chr10:103746736:G:A 1.000000  ENSG00000280693_2
16: chr10:103746736:G:A 1.000000  ENSG00000280693_2

NOTE: Data frame has 16 rows and 8 columns. 

NOTE: Log Print Time:  2022-03-18 16:20:11 
NOTE: Elapsed Time in seconds: 18.1246464252472 

========================================================================= 
Log End Time: 2022-03-18 16:20:12 
Log Elapsed Time: 0 00:00:27 
========================================================================= 
