Loading required package: limma
# A tibble: 4 × 2
  p.bonf.cat     n
  <fct>      <int>
1 <= 0.005      14
2 <= 0.01        1
3 <= 0.05        1
4 > 0.05       101
# A tibble: 4 × 2
  p.bonf.cat     n
  <fct>      <int>
1 <= 0.005      39
2 <= 0.01        2
3 <= 0.05        2
4 > 0.05       126
There were 13 warnings (use warnings() to see them)
# A tibble: 4 × 2
  p.bonf.cat     n
  <fct>      <int>
1 <= 0.005      25
2 <= 0.01        2
3 <= 0.05        7
4 > 0.05       226
# A tibble: 1 × 2
  p.bonf.cat     n
  <fct>      <int>
1 > 0.05       260
Warning message:
In data.table::fread(fname) :
  Detected 348 column names but the data has 349 columns (i.e. invalid file). Added 1 extra default column name for the first column which is guessed to be row names or an index. Use setnames() afterwards if this guess is not correct, or fix the file write command that created the file to create a valid file.
[1] "Reproducibility information:"
[1] "2022-02-10 18:04:29 EST"
     user    system   elapsed 
42235.899  2135.779  1097.508 
─ Session info ───────────────────────────────────────────────────────────────────────────────────────────────────────
 setting  value
 version  R version 4.1.2 (2021-11-01)
 os       Arch Linux
 system   x86_64, linux-gnu
 ui       X11
 language (EN)
 collate  en_US.UTF-8
 ctype    en_US.UTF-8
 tz       America/New_York
 date     2022-02-10
 pandoc   2.14.1 @ /usr/bin/pandoc

─ Packages ───────────────────────────────────────────────────────────────────────────────────────────────────────────
 package          * version  date (UTC) lib source
 abind              1.4-5    2016-07-21 [1] CRAN (R 4.1.2)
 annotate           1.72.0   2021-10-26 [1] Bioconductor
 AnnotationDbi      1.56.2   2021-11-09 [1] Bioconductor
 assertthat         0.2.1    2019-03-21 [1] CRAN (R 4.1.2)
 backports          1.4.1    2021-12-13 [1] CRAN (R 4.1.2)
 Biobase            2.54.0   2021-10-26 [1] Bioconductor
 BiocGenerics       0.40.0   2021-10-26 [1] Bioconductor
 BiocParallel       1.28.3   2021-12-09 [1] Bioconductor
 Biostrings         2.62.0   2021-10-26 [1] Bioconductor
 bit                4.0.4    2020-08-04 [1] CRAN (R 4.1.2)
 bit64              4.0.5    2020-08-30 [1] CRAN (R 4.1.2)
 bitops             1.0-7    2021-04-24 [1] CRAN (R 4.1.2)
 blob               1.2.2    2021-07-23 [1] CRAN (R 4.1.2)
 broom              0.7.12   2022-01-28 [1] CRAN (R 4.1.2)
 cachem             1.0.6    2021-08-19 [1] CRAN (R 4.1.2)
 car                3.0-12   2021-11-06 [1] CRAN (R 4.1.2)
 carData            3.0-5    2022-01-06 [1] CRAN (R 4.1.2)
 cellranger         1.1.0    2016-07-27 [1] CRAN (R 4.1.2)
 cli                3.1.1    2022-01-20 [1] CRAN (R 4.1.2)
 colorspace         2.0-2    2021-06-24 [1] CRAN (R 4.1.2)
 crayon             1.4.2    2021-10-29 [1] CRAN (R 4.1.2)
 data.table         1.14.2   2021-09-27 [1] CRAN (R 4.1.2)
 DBI                1.1.2    2021-12-20 [1] CRAN (R 4.1.2)
 dbplyr             2.1.1    2021-04-06 [1] CRAN (R 4.1.2)
 digest             0.6.29   2021-12-01 [1] CRAN (R 4.1.2)
 dplyr            * 1.0.7    2021-06-18 [1] CRAN (R 4.1.2)
 edgeR              3.36.0   2021-10-26 [1] Bioconductor
 ellipsis           0.3.2    2021-04-29 [1] CRAN (R 4.1.2)
 fansi              1.0.2    2022-01-14 [1] CRAN (R 4.1.2)
 farver             2.1.0    2021-02-28 [1] CRAN (R 4.1.2)
 fastmap            1.1.0    2021-01-25 [1] CRAN (R 4.1.2)
 forcats          * 0.5.1    2021-01-27 [1] CRAN (R 4.1.2)
 fs                 1.5.2    2021-12-08 [1] CRAN (R 4.1.2)
 genefilter         1.76.0   2021-10-26 [1] Bioconductor
 generics           0.1.2    2022-01-31 [1] CRAN (R 4.1.2)
 GenomeInfoDb       1.30.1   2022-01-30 [1] Bioconductor
 GenomeInfoDbData   1.2.7    2021-11-18 [1] Bioconductor
 ggfittext          0.9.1    2021-01-30 [1] CRAN (R 4.1.2)
 ggplot2          * 3.3.5    2021-06-25 [1] CRAN (R 4.1.2)
 ggpubr             0.4.0    2020-06-27 [1] CRAN (R 4.1.2)
 ggsignif           0.6.3    2021-09-09 [1] CRAN (R 4.1.2)
 glue               1.6.1    2022-01-22 [1] CRAN (R 4.1.2)
 gridExtra          2.3      2017-09-09 [1] CRAN (R 4.1.2)
 gtable             0.3.0    2019-03-25 [1] CRAN (R 4.1.2)
 haven              2.4.3    2021-08-04 [1] CRAN (R 4.1.2)
 hms                1.1.1    2021-09-26 [1] CRAN (R 4.1.2)
 httr               1.4.2    2020-07-20 [1] CRAN (R 4.1.2)
 IRanges            2.28.0   2021-10-26 [1] Bioconductor
 jsonlite           1.7.3    2022-01-17 [1] CRAN (R 4.1.2)
 KEGGREST           1.34.0   2021-10-26 [1] Bioconductor
 labeling           0.4.2    2020-10-20 [1] CRAN (R 4.1.2)
 lattice            0.20-45  2021-09-22 [2] CRAN (R 4.1.2)
 lifecycle          1.0.1    2021-09-24 [1] CRAN (R 4.1.2)
 limma            * 3.50.0   2021-10-26 [1] Bioconductor
 locfit             1.5-9.4  2020-03-25 [1] CRAN (R 4.1.2)
 lubridate          1.8.0    2021-10-07 [1] CRAN (R 4.1.2)
 magrittr           2.0.2    2022-01-26 [1] CRAN (R 4.1.2)
 Matrix             1.3-4    2021-06-01 [2] CRAN (R 4.1.2)
 matrixStats        0.61.0   2021-09-17 [1] CRAN (R 4.1.2)
 memoise            2.0.1    2021-11-26 [1] CRAN (R 4.1.2)
 mgcv               1.8-38   2021-10-06 [2] CRAN (R 4.1.2)
 modelr             0.1.8    2020-05-19 [1] CRAN (R 4.1.2)
 munsell            0.5.0    2018-06-12 [1] CRAN (R 4.1.2)
 nlme               3.1-153  2021-09-07 [2] CRAN (R 4.1.2)
 pillar             1.7.0    2022-02-01 [1] CRAN (R 4.1.2)
 pkgconfig          2.0.3    2019-09-22 [1] CRAN (R 4.1.2)
 png                0.1-7    2013-12-03 [1] CRAN (R 4.1.2)
 purrr            * 0.3.4    2020-04-17 [1] CRAN (R 4.1.2)
 R.methodsS3        1.8.1    2020-08-26 [1] CRAN (R 4.1.2)
 R.oo               1.24.0   2020-08-26 [1] CRAN (R 4.1.2)
 R.utils            2.11.0   2021-09-26 [1] CRAN (R 4.1.2)
 R6                 2.5.1    2021-08-19 [1] CRAN (R 4.1.2)
 Rcpp               1.0.8    2022-01-13 [1] CRAN (R 4.1.2)
 RCurl              1.98-1.5 2021-09-17 [1] CRAN (R 4.1.2)
 readr            * 2.1.2    2022-01-30 [1] CRAN (R 4.1.2)
 readxl             1.3.1    2019-03-13 [1] CRAN (R 4.1.2)
 reprex             2.0.1    2021-08-05 [1] CRAN (R 4.1.2)
 rlang              1.0.0    2022-01-26 [1] CRAN (R 4.1.2)
 RSQLite            2.2.9    2021-12-06 [1] CRAN (R 4.1.2)
 rstatix            0.7.0    2021-02-13 [1] CRAN (R 4.1.2)
 rstudioapi         0.13     2020-11-12 [1] CRAN (R 4.1.2)
 rvest              1.0.2    2021-10-16 [1] CRAN (R 4.1.2)
 S4Vectors          0.32.3   2021-11-21 [1] Bioconductor
 scales             1.1.1    2020-05-11 [1] CRAN (R 4.1.2)
 sessioninfo        1.2.2    2021-12-06 [1] CRAN (R 4.1.2)
 shades             1.4.0    2019-08-02 [1] CRAN (R 4.1.2)
 stringi            1.7.6    2021-11-29 [1] CRAN (R 4.1.2)
 stringr          * 1.4.0    2019-02-10 [1] CRAN (R 4.1.2)
 survival           3.2-13   2021-08-24 [2] CRAN (R 4.1.2)
 sva                3.42.0   2021-10-26 [1] Bioconductor
 svglite            2.0.0    2021-02-20 [1] CRAN (R 4.1.2)
 systemfonts        1.0.3    2021-10-13 [1] CRAN (R 4.1.2)
 tibble           * 3.1.6    2021-11-07 [1] CRAN (R 4.1.2)
 tidyr            * 1.2.0    2022-02-01 [1] CRAN (R 4.1.2)
 tidyselect         1.1.1    2021-04-30 [1] CRAN (R 4.1.2)
 tidyverse        * 1.3.1    2021-04-15 [1] CRAN (R 4.1.2)
 tzdb               0.2.0    2021-10-27 [1] CRAN (R 4.1.2)
 utf8               1.2.2    2021-07-24 [1] CRAN (R 4.1.2)
 vctrs              0.3.8    2021-04-29 [1] CRAN (R 4.1.2)
 viridis            0.6.2    2021-10-13 [1] CRAN (R 4.1.2)
 viridisLite        0.4.0    2021-04-13 [1] CRAN (R 4.1.2)
 withr              2.4.3    2021-11-30 [1] CRAN (R 4.1.2)
 XML                3.99-0.8 2021-09-17 [1] CRAN (R 4.1.2)
 xml2               1.3.3    2021-11-30 [1] CRAN (R 4.1.2)
 xtable             1.8-4    2019-04-21 [1] CRAN (R 4.1.2)
 XVector            0.34.0   2021-10-26 [1] Bioconductor
 zlibbioc           1.40.0   2021-10-26 [1] Bioconductor

 [1] /home/jbenja13/R/x86_64-pc-linux-gnu-library/4.1
 [2] /usr/lib/R/library

──────────────────────────────────────────────────────────────────────────────────────────────────────────────────────
