Loading required package: limma
[1] "Comparison for: CTLvsMDD"
[1] "There are: 2022 DE features!"
null device 
          1 
[1] "2022-02-10 18:04:48 EST"
   user  system elapsed 
 29.883   1.827  17.609 
─ Session info ───────────────────────────────────────────────────────────────────────────────────────────────────────
 setting  value
 version  R version 4.1.2 (2021-11-01)
 os       Arch Linux
 system   x86_64, linux-gnu
 ui       X11
 language (EN)
 collate  en_US.UTF-8
 ctype    en_US.UTF-8
 tz       America/New_York
 date     2022-02-10
 pandoc   2.14.1 @ /usr/bin/pandoc

─ Packages ───────────────────────────────────────────────────────────────────────────────────────────────────────────
 package     * version date (UTC) lib source
 assertthat    0.2.1   2019-03-21 [1] CRAN (R 4.1.2)
 cachem        1.0.6   2021-08-19 [1] CRAN (R 4.1.2)
 cli           3.1.1   2022-01-20 [1] CRAN (R 4.1.2)
 crayon        1.4.2   2021-10-29 [1] CRAN (R 4.1.2)
 data.table    1.14.2  2021-09-27 [1] CRAN (R 4.1.2)
 DBI           1.1.2   2021-12-20 [1] CRAN (R 4.1.2)
 dplyr       * 1.0.7   2021-06-18 [1] CRAN (R 4.1.2)
 ellipsis      0.3.2   2021-04-29 [1] CRAN (R 4.1.2)
 fansi         1.0.2   2022-01-14 [1] CRAN (R 4.1.2)
 fastmap       1.1.0   2021-01-25 [1] CRAN (R 4.1.2)
 generics      0.1.2   2022-01-31 [1] CRAN (R 4.1.2)
 glue          1.6.1   2022-01-22 [1] CRAN (R 4.1.2)
 lifecycle     1.0.1   2021-09-24 [1] CRAN (R 4.1.2)
 limma       * 3.50.0  2021-10-26 [1] Bioconductor
 magrittr      2.0.2   2022-01-26 [1] CRAN (R 4.1.2)
 memoise       2.0.1   2021-11-26 [1] CRAN (R 4.1.2)
 pillar        1.7.0   2022-02-01 [1] CRAN (R 4.1.2)
 pkgconfig     2.0.3   2019-09-22 [1] CRAN (R 4.1.2)
 purrr         0.3.4   2020-04-17 [1] CRAN (R 4.1.2)
 R6            2.5.1   2021-08-19 [1] CRAN (R 4.1.2)
 rlang         1.0.0   2022-01-26 [1] CRAN (R 4.1.2)
 sessioninfo   1.2.2   2021-12-06 [1] CRAN (R 4.1.2)
 tibble        3.1.6   2021-11-07 [1] CRAN (R 4.1.2)
 tidyselect    1.1.1   2021-04-30 [1] CRAN (R 4.1.2)
 utf8          1.2.2   2021-07-24 [1] CRAN (R 4.1.2)
 vctrs         0.3.8   2021-04-29 [1] CRAN (R 4.1.2)

 [1] /home/jbenja13/R/x86_64-pc-linux-gnu-library/4.1
 [2] /usr/lib/R/library

──────────────────────────────────────────────────────────────────────────────────────────────────────────────────────
