CPU comparison:
                          sum_sq     df            F        PR(>F)
C(ID)               2.364553e+09    3.0   678.333139  1.038303e-84
C(Algorithm)        3.558108e+09    3.0  1020.734976  8.795522e-97
C(ID):C(Algorithm)  2.768884e+09    9.0   264.775281  6.434847e-85
Residual            1.673198e+08  144.0          NaN           NaN
Accuracy comparison:
                      sum_sq     df          F        PR(>F)
C(ID)               2.027320    3.0  33.232109  2.200370e-16
C(Algorithm)        0.057950    3.0   0.949918  4.183118e-01
C(ID):C(Algorithm)  0.785880    9.0   4.294086  5.850126e-05
Residual            2.928233  144.0        NaN           NaN
FDR comparison:
                      sum_sq     df           F        PR(>F)
C(ID)               0.277033    3.0  215.786031  4.567292e-53
C(Algorithm)        0.197839    3.0  154.099768  9.419871e-45
C(ID):C(Algorithm)  0.198856    9.0   51.630858  1.009294e-40
Residual            0.061624  144.0         NaN           NaN
CPU comparison:
                group1              group2  ...    q-value   p-value
0     (RFE_0.1, ridge)     (RFE_0.1, enet)  ...   4.529621  0.111047
1     (RFE_0.1, ridge)      (RFE_0.1, svr)  ...   0.002083  0.900000
2     (RFE_0.1, ridge)       (RFE_0.1, rf)  ...   2.223849  0.900000
3     (RFE_0.1, ridge)  (RFE_100.0, ridge)  ...   0.343577  0.900000
4     (RFE_0.1, ridge)   (RFE_100.0, enet)  ...  81.266994  0.001000
..                 ...                 ...  ...        ...       ...
115  (dRFE_0.2, ridge)     (dRFE_0.2, svr)  ...   0.129696  0.900000
116  (dRFE_0.2, ridge)      (dRFE_0.2, rf)  ...   3.210377  0.625442
117   (dRFE_0.2, enet)     (dRFE_0.2, svr)  ...  18.086978  0.001000
118   (dRFE_0.2, enet)      (dRFE_0.2, rf)  ...  14.746905  0.001000
119    (dRFE_0.2, svr)      (dRFE_0.2, rf)  ...   3.340073  0.567760

[120 rows x 7 columns]
Accuracy comparison:
                group1              group2  ...   q-value   p-value
0     (RFE_0.1, ridge)     (RFE_0.1, enet)  ...  0.019958  0.900000
1     (RFE_0.1, ridge)      (RFE_0.1, svr)  ...  1.082620  0.900000
2     (RFE_0.1, ridge)       (RFE_0.1, rf)  ...  6.393936  0.001333
3     (RFE_0.1, ridge)  (RFE_100.0, ridge)  ...  2.265697  0.900000
4     (RFE_0.1, ridge)   (RFE_100.0, enet)  ...  0.133055  0.900000
..                 ...                 ...  ...       ...       ...
115  (dRFE_0.2, ridge)     (dRFE_0.2, svr)  ...  0.234509  0.900000
116  (dRFE_0.2, ridge)      (dRFE_0.2, rf)  ...  0.974735  0.900000
117   (dRFE_0.2, enet)     (dRFE_0.2, svr)  ...  0.056992  0.900000
118   (dRFE_0.2, enet)      (dRFE_0.2, rf)  ...  0.683235  0.900000
119    (dRFE_0.2, svr)      (dRFE_0.2, rf)  ...  0.740227  0.900000

[120 rows x 7 columns]
FDR comparison:
                group1              group2  ...    q-value  p-value
0     (RFE_0.1, ridge)     (RFE_0.1, enet)  ...   0.322926    0.900
1     (RFE_0.1, ridge)      (RFE_0.1, svr)  ...   0.584579    0.900
2     (RFE_0.1, ridge)       (RFE_0.1, rf)  ...   2.158827    0.900
3     (RFE_0.1, ridge)  (RFE_100.0, ridge)  ...   1.974436    0.900
4     (RFE_0.1, ridge)   (RFE_100.0, enet)  ...   1.527256    0.900
..                 ...                 ...  ...        ...      ...
115  (dRFE_0.2, ridge)     (dRFE_0.2, svr)  ...   1.462081    0.900
116  (dRFE_0.2, ridge)      (dRFE_0.2, rf)  ...  25.735915    0.001
117   (dRFE_0.2, enet)     (dRFE_0.2, svr)  ...   0.770852    0.900
118   (dRFE_0.2, enet)      (dRFE_0.2, rf)  ...  23.502982    0.001
119    (dRFE_0.2, svr)      (dRFE_0.2, rf)  ...  24.273834    0.001

[120 rows x 7 columns]
