
Attaching package: ‘dplyr’

The following objects are masked from ‘package:stats’:

    filter, lag

The following objects are masked from ‘package:base’:

    intersect, setdiff, setequal, union

Loading required package: ggplot2
[1] "Mean:"
# A tibble: 16 × 8
# Groups:   RFE_Method, Elimination [4]
   RFE_Method Elimination Algorithm   Acc    FDR F1_score   TNR    CPU
   <chr>            <dbl> <chr>     <dbl>  <dbl>    <dbl> <dbl>  <dbl>
 1 dRFE               0.1 lr        0.974 0.597    0.279  0.989 2117. 
 2 dRFE               0.1 rf        0.984 0.0546   0.338  1.00  1469. 
 3 dRFE               0.1 sgd       0.981 0.314    0.330  0.997  133. 
 4 dRFE               0.1 svc       0.975 0.618    0.271  0.990  690. 
 5 dRFE               0.2 lr        0.947 0.731    0.286  0.956 1836. 
 6 dRFE               0.2 rf        0.983 0.0959   0.310  1.00   840. 
 7 dRFE               0.2 sgd       0.979 0.390    0.421  0.991  133. 
 8 dRFE               0.2 svc       0.961 0.723    0.298  0.972  398. 
 9 RFE                0.1 lr        0.662 0.940    0.109  0.659  332. 
10 RFE                0.1 rf        0.898 0.870    0.219  0.902  100. 
11 RFE                0.1 sgd       0.267 0.972    0.0539 0.254   10.3
12 RFE                0.1 svc       0.671 0.944    0.102  0.669   88.8
13 RFE              100   lr        0.713 0.922    0.132  0.712 3417. 
14 RFE              100   rf        0.983 0.263    0.408  0.997 1420. 
15 RFE              100   sgd       0.396 0.970    0.0570 0.387  147. 
16 RFE              100   svc       0.697 0.933    0.118  0.696 1170. 
[1] "Median:"
# A tibble: 16 × 8
# Groups:   RFE_Method, Elimination [4]
   RFE_Method Elimination Algorithm   Acc    FDR F1_score   TNR    CPU
   <chr>            <dbl> <chr>     <dbl>  <dbl>    <dbl> <dbl>  <dbl>
 1 dRFE               0.1 lr        0.977 0.635    0.266  0.994 2043. 
 2 dRFE               0.1 rf        0.984 0.0404   0.324  1.00  1327. 
 3 dRFE               0.1 sgd       0.982 0.245    0.345  0.999  133. 
 4 dRFE               0.1 svc       0.975 0.701    0.260  0.991  707. 
 5 dRFE               0.2 lr        0.948 0.793    0.284  0.955 1781. 
 6 dRFE               0.2 rf        0.983 0.0723   0.320  1.00   689. 
 7 dRFE               0.2 sgd       0.982 0.430    0.414  0.995  132. 
 8 dRFE               0.2 svc       0.966 0.733    0.304  0.978  384. 
 9 RFE                0.1 lr        0.712 0.947    0.0995 0.710  318. 
10 RFE                0.1 rf        0.907 0.867    0.221  0.912  101. 
11 RFE                0.1 sgd       0.219 0.976    0.0472 0.203   10.0
12 RFE                0.1 svc       0.613 0.959    0.0776 0.608   91.9
13 RFE              100   lr        0.790 0.932    0.124  0.791 3454. 
14 RFE              100   rf        0.983 0.272    0.396  0.998 1517. 
15 RFE              100   sgd       0.475 0.970    0.0579 0.468  154. 
16 RFE              100   svc       0.661 0.955    0.0845 0.659 1123. 
[1] "2021-12-08 15:36:48 EST"
   user  system elapsed 
  6.800   0.137   6.932 
─ Session info  ──────────────────────────────────────────────────────────────────────────────────────────────────────
 hash: flag: Somalia, SOON arrow, person walking: medium skin tone

 setting  value
 version  R version 4.1.2 (2021-11-01)
 os       Arch Linux
 system   x86_64, linux-gnu
 ui       X11
 language (EN)
 collate  en_US.UTF-8
 ctype    en_US.UTF-8
 tz       America/New_York
 date     2021-12-08
 pandoc   2.14.1 @ /usr/bin/pandoc

─ Packages ───────────────────────────────────────────────────────────────────────────────────────────────────────────
 package     * version date (UTC) lib source
 abind         1.4-5   2016-07-21 [1] CRAN (R 4.1.2)
 assertthat    0.2.1   2019-03-21 [1] CRAN (R 4.1.2)
 backports     1.4.0   2021-11-23 [1] CRAN (R 4.1.2)
 broom         0.7.10  2021-10-31 [1] CRAN (R 4.1.2)
 car           3.0-12  2021-11-06 [1] CRAN (R 4.1.2)
 carData       3.0-4   2020-05-22 [1] CRAN (R 4.1.2)
 cli           3.1.0   2021-10-27 [1] CRAN (R 4.1.2)
 colorspace    2.0-2   2021-06-24 [1] CRAN (R 4.1.2)
 crayon        1.4.2   2021-10-29 [1] CRAN (R 4.1.2)
 data.table    1.14.2  2021-09-27 [1] CRAN (R 4.1.2)
 DBI           1.1.1   2021-01-15 [1] CRAN (R 4.1.2)
 digest        0.6.28  2021-09-23 [1] CRAN (R 4.1.2)
 dplyr       * 1.0.7   2021-06-18 [1] CRAN (R 4.1.2)
 ellipsis      0.3.2   2021-04-29 [1] CRAN (R 4.1.2)
 fansi         0.5.0   2021-05-25 [1] CRAN (R 4.1.2)
 farver        2.1.0   2021-02-28 [1] CRAN (R 4.1.2)
 generics      0.1.1   2021-10-25 [1] CRAN (R 4.1.2)
 ggplot2     * 3.3.5   2021-06-25 [1] CRAN (R 4.1.2)
 ggpubr      * 0.4.0   2020-06-27 [1] CRAN (R 4.1.2)
 ggsci         2.9     2018-05-14 [1] CRAN (R 4.1.2)
 ggsignif      0.6.3   2021-09-09 [1] CRAN (R 4.1.2)
 glue          1.5.1   2021-11-30 [1] CRAN (R 4.1.2)
 gtable        0.3.0   2019-03-25 [1] CRAN (R 4.1.2)
 labeling      0.4.2   2020-10-20 [1] CRAN (R 4.1.2)
 lifecycle     1.0.1   2021-09-24 [1] CRAN (R 4.1.2)
 magrittr      2.0.1   2020-11-17 [1] CRAN (R 4.1.2)
 munsell       0.5.0   2018-06-12 [1] CRAN (R 4.1.2)
 pillar        1.6.4   2021-10-18 [1] CRAN (R 4.1.2)
 pkgconfig     2.0.3   2019-09-22 [1] CRAN (R 4.1.2)
 purrr         0.3.4   2020-04-17 [1] CRAN (R 4.1.2)
 R6            2.5.1   2021-08-19 [1] CRAN (R 4.1.2)
 rlang         0.4.12  2021-10-18 [1] CRAN (R 4.1.2)
 rstatix       0.7.0   2021-02-13 [1] CRAN (R 4.1.2)
 scales        1.1.1   2020-05-11 [1] CRAN (R 4.1.2)
 sessioninfo   1.2.1   2021-11-02 [1] CRAN (R 4.1.2)
 svglite       2.0.0   2021-02-20 [1] CRAN (R 4.1.2)
 systemfonts   1.0.3   2021-10-13 [1] CRAN (R 4.1.2)
 tibble        3.1.6   2021-11-07 [1] CRAN (R 4.1.2)
 tidyr         1.1.4   2021-09-27 [1] CRAN (R 4.1.2)
 tidyselect    1.1.1   2021-04-30 [1] CRAN (R 4.1.2)
 utf8          1.2.2   2021-07-24 [1] CRAN (R 4.1.2)
 vctrs         0.3.8   2021-04-29 [1] CRAN (R 4.1.2)
 withr         2.4.3   2021-11-30 [1] CRAN (R 4.1.2)

 [1] /home/jbenja13/R/x86_64-pc-linux-gnu-library/4.1
 [2] /usr/lib/R/library

──────────────────────────────────────────────────────────────────────────────────────────────────────────────────────
