
Attaching package: ‘dplyr’

The following objects are masked from ‘package:stats’:

    filter, lag

The following objects are masked from ‘package:base’:

    intersect, setdiff, setequal, union

Loading required package: ggplot2
[1] "Mean:"
# A tibble: 16 × 8
# Groups:   RFE_Method, Elimination [4]
   RFE_Method Elimination Algorithm   Acc    FDR F1_score   TNR     CPU
   <chr>            <dbl> <chr>     <dbl>  <dbl>    <dbl> <dbl>   <dbl>
 1 dRFE               0.1 lr        0.982 0.112    0.150  0.986 1065.  
 2 dRFE               0.1 rf        0.997 0.280    0.731  0.997  940.  
 3 dRFE               0.1 sgd       0.997 0.0470   0.592  1.00   163.  
 4 dRFE               0.1 svc       0.995 0.0825   0.181  1.00   840.  
 5 dRFE               0.2 lr        0.876 0.548    0.215  0.877 1029.  
 6 dRFE               0.2 rf        0.998 0.147    0.765  0.999  503.  
 7 dRFE               0.2 sgd       0.997 0.110    0.657  0.999   93.5 
 8 dRFE               0.2 svc       0.989 0.261    0.258  0.993  528.  
 9 RFE                0.1 lr        0.904 0.954    0.0875 0.904   80.0 
10 RFE                0.1 rf        0.885 0.954    0.0880 0.884   41.9 
11 RFE                0.1 sgd       0.883 0.865    0.0690 0.883    4.34
12 RFE                0.1 svc       0.904 0.954    0.0867 0.904   89.6 
13 RFE              100   lr        0.997 0.303    0.697  0.998 1411.  
14 RFE              100   rf        0.980 0.429    0.584  0.981  761.  
15 RFE              100   sgd       0.993 0.612    0.418  0.996   51.9 
16 RFE              100   svc       0.996 0.421    0.579  0.998 1587.  
[1] "Median:"
# A tibble: 16 × 8
# Groups:   RFE_Method, Elimination [4]
   RFE_Method Elimination Algorithm   Acc    FDR F1_score   TNR     CPU
   <chr>            <dbl> <chr>     <dbl>  <dbl>    <dbl> <dbl>   <dbl>
 1 dRFE               0.1 lr        0.995 0        0.156  1     1060.  
 2 dRFE               0.1 rf        0.997 0.329    0.768  0.998  940.  
 3 dRFE               0.1 sgd       0.997 0.0373   0.606  1.00   163.  
 4 dRFE               0.1 svc       0.995 0.0871   0.181  1.00   840.  
 5 dRFE               0.2 lr        0.983 0.785    0.252  0.984 1014.  
 6 dRFE               0.2 rf        0.999 0.0243   0.832  1.00   503.  
 7 dRFE               0.2 sgd       0.998 0.0760   0.754  1.00    93.5 
 8 dRFE               0.2 svc       0.996 0.176    0.239  1.00   525.  
 9 RFE                0.1 lr        0.904 0.954    0.0881 0.904   79.3 
10 RFE                0.1 rf        0.905 0.950    0.0943 0.904   41.8 
11 RFE                0.1 sgd       0.904 0.956    0.0814 0.904    4.53
12 RFE                0.1 svc       0.904 0.954    0.0876 0.904   85.3 
13 RFE              100   lr        0.997 0.305    0.695  0.998 1405.  
14 RFE              100   rf        0.997 0.31     0.69   0.998  760.  
15 RFE              100   sgd       0.994 0.59     0.422  0.997   51.6 
16 RFE              100   svc       0.996 0.415    0.585  0.998 1538.  
[1] "2021-12-22 14:52:52 EST"
   user  system elapsed 
  6.720   0.153   6.845 
─ Session info  ──────────────────────────────────────────────────────────────────────────────────────────────────────
 hash: flag: Somalia, SOON arrow, person walking: medium skin tone

 setting  value
 version  R version 4.1.2 (2021-11-01)
 os       Arch Linux
 system   x86_64, linux-gnu
 ui       X11
 language (EN)
 collate  en_US.UTF-8
 ctype    en_US.UTF-8
 tz       America/New_York
 date     2021-12-22
 pandoc   2.14.1 @ /usr/bin/pandoc

─ Packages ───────────────────────────────────────────────────────────────────────────────────────────────────────────
 package     * version date (UTC) lib source
 abind         1.4-5   2016-07-21 [1] CRAN (R 4.1.2)
 assertthat    0.2.1   2019-03-21 [1] CRAN (R 4.1.2)
 backports     1.4.0   2021-11-23 [1] CRAN (R 4.1.2)
 broom         0.7.10  2021-10-31 [1] CRAN (R 4.1.2)
 car           3.0-12  2021-11-06 [1] CRAN (R 4.1.2)
 carData       3.0-4   2020-05-22 [1] CRAN (R 4.1.2)
 cli           3.1.0   2021-10-27 [1] CRAN (R 4.1.2)
 colorspace    2.0-2   2021-06-24 [1] CRAN (R 4.1.2)
 crayon        1.4.2   2021-10-29 [1] CRAN (R 4.1.2)
 data.table    1.14.2  2021-09-27 [1] CRAN (R 4.1.2)
 DBI           1.1.1   2021-01-15 [1] CRAN (R 4.1.2)
 digest        0.6.28  2021-09-23 [1] CRAN (R 4.1.2)
 dplyr       * 1.0.7   2021-06-18 [1] CRAN (R 4.1.2)
 ellipsis      0.3.2   2021-04-29 [1] CRAN (R 4.1.2)
 fansi         0.5.0   2021-05-25 [1] CRAN (R 4.1.2)
 farver        2.1.0   2021-02-28 [1] CRAN (R 4.1.2)
 generics      0.1.1   2021-10-25 [1] CRAN (R 4.1.2)
 ggplot2     * 3.3.5   2021-06-25 [1] CRAN (R 4.1.2)
 ggpubr      * 0.4.0   2020-06-27 [1] CRAN (R 4.1.2)
 ggsci         2.9     2018-05-14 [1] CRAN (R 4.1.2)
 ggsignif      0.6.3   2021-09-09 [1] CRAN (R 4.1.2)
 glue          1.5.1   2021-11-30 [1] CRAN (R 4.1.2)
 gtable        0.3.0   2019-03-25 [1] CRAN (R 4.1.2)
 labeling      0.4.2   2020-10-20 [1] CRAN (R 4.1.2)
 lifecycle     1.0.1   2021-09-24 [1] CRAN (R 4.1.2)
 magrittr      2.0.1   2020-11-17 [1] CRAN (R 4.1.2)
 munsell       0.5.0   2018-06-12 [1] CRAN (R 4.1.2)
 pillar        1.6.4   2021-10-18 [1] CRAN (R 4.1.2)
 pkgconfig     2.0.3   2019-09-22 [1] CRAN (R 4.1.2)
 purrr         0.3.4   2020-04-17 [1] CRAN (R 4.1.2)
 R6            2.5.1   2021-08-19 [1] CRAN (R 4.1.2)
 rlang         0.4.12  2021-10-18 [1] CRAN (R 4.1.2)
 rstatix       0.7.0   2021-02-13 [1] CRAN (R 4.1.2)
 scales        1.1.1   2020-05-11 [1] CRAN (R 4.1.2)
 sessioninfo   1.2.1   2021-11-02 [1] CRAN (R 4.1.2)
 svglite       2.0.0   2021-02-20 [1] CRAN (R 4.1.2)
 systemfonts   1.0.3   2021-10-13 [1] CRAN (R 4.1.2)
 tibble        3.1.6   2021-11-07 [1] CRAN (R 4.1.2)
 tidyr         1.1.4   2021-09-27 [1] CRAN (R 4.1.2)
 tidyselect    1.1.1   2021-04-30 [1] CRAN (R 4.1.2)
 utf8          1.2.2   2021-07-24 [1] CRAN (R 4.1.2)
 vctrs         0.3.8   2021-04-29 [1] CRAN (R 4.1.2)
 withr         2.4.3   2021-11-30 [1] CRAN (R 4.1.2)

 [1] /home/jbenja13/R/x86_64-pc-linux-gnu-library/4.1
 [2] /usr/lib/R/library

──────────────────────────────────────────────────────────────────────────────────────────────────────────────────────
