CPU comparison:
                          sum_sq     df            F         PR(>F)
C(ID)               8.146558e+08    3.0  3449.528314  7.567864e-134
C(Algorithm)        1.028820e+09    3.0  4356.370360  4.685537e-141
C(ID):C(Algorithm)  2.047986e+09    9.0  2890.622409  6.398045e-158
Residual            1.133589e+07  144.0          NaN            NaN
Accuracy comparison:
                      sum_sq     df          F        PR(>F)
C(ID)               0.724941    3.0  23.483635  1.968349e-12
C(Algorithm)        0.220548    3.0   7.144411  1.658187e-04
C(ID):C(Algorithm)  0.922104    9.0   9.956833  8.505414e-12
Residual            1.481762  144.0        NaN           NaN
FDR comparison:
                      sum_sq     df          F        PR(>F)
C(ID)               1.283126    3.0  10.734802  2.069933e-06
C(Algorithm)        0.372944    3.0   3.120101  2.799187e-02
C(ID):C(Algorithm)  5.835355    9.0  16.273113  3.323775e-18
Residual            5.737420  144.0        NaN           NaN
CPU comparison:
                group1              group2  ...    q-value   p-value
0     (RFE_0.1, ridge)     (RFE_0.1, enet)  ...   0.221885  0.900000
1     (RFE_0.1, ridge)      (RFE_0.1, svr)  ...   0.003246  0.900000
2     (RFE_0.1, ridge)       (RFE_0.1, rf)  ...   6.302879  0.001719
3     (RFE_0.1, ridge)  (RFE_100.0, ridge)  ...   4.028664  0.254725
4     (RFE_0.1, ridge)   (RFE_100.0, enet)  ...  12.235329  0.001000
..                 ...                 ...  ...        ...       ...
115  (dRFE_0.2, ridge)     (dRFE_0.2, svr)  ...   0.071583  0.900000
116  (dRFE_0.2, ridge)      (dRFE_0.2, rf)  ...  10.885172  0.001000
117   (dRFE_0.2, enet)     (dRFE_0.2, svr)  ...   0.346542  0.900000
118   (dRFE_0.2, enet)      (dRFE_0.2, rf)  ...  10.467047  0.001000
119    (dRFE_0.2, svr)      (dRFE_0.2, rf)  ...  10.813588  0.001000

[120 rows x 7 columns]
Accuracy comparison:
                group1              group2  ...    q-value   p-value
0     (RFE_0.1, ridge)     (RFE_0.1, enet)  ...   4.829192  0.062146
1     (RFE_0.1, ridge)      (RFE_0.1, svr)  ...   0.301873  0.900000
2     (RFE_0.1, ridge)       (RFE_0.1, rf)  ...  12.994478  0.001000
3     (RFE_0.1, ridge)  (RFE_100.0, ridge)  ...   0.226452  0.900000
4     (RFE_0.1, ridge)   (RFE_100.0, enet)  ...   0.580543  0.900000
..                 ...                 ...  ...        ...       ...
115  (dRFE_0.2, ridge)     (dRFE_0.2, svr)  ...   0.335166  0.900000
116  (dRFE_0.2, ridge)      (dRFE_0.2, rf)  ...   0.437607  0.900000
117   (dRFE_0.2, enet)     (dRFE_0.2, svr)  ...   0.696910  0.900000
118   (dRFE_0.2, enet)      (dRFE_0.2, rf)  ...   0.075863  0.900000
119    (dRFE_0.2, svr)      (dRFE_0.2, rf)  ...   0.772773  0.900000

[120 rows x 7 columns]
FDR comparison:
                group1              group2  ...    q-value   p-value
0     (RFE_0.1, ridge)     (RFE_0.1, enet)  ...  11.737857  0.001000
1     (RFE_0.1, ridge)      (RFE_0.1, svr)  ...   1.558061  0.900000
2     (RFE_0.1, ridge)       (RFE_0.1, rf)  ...   8.893402  0.001000
3     (RFE_0.1, ridge)  (RFE_100.0, ridge)  ...   8.999205  0.001000
4     (RFE_0.1, ridge)   (RFE_100.0, enet)  ...   6.109640  0.002917
..                 ...                 ...  ...        ...       ...
115  (dRFE_0.2, ridge)     (dRFE_0.2, svr)  ...   0.448049  0.900000
116  (dRFE_0.2, ridge)      (dRFE_0.2, rf)  ...   5.689298  0.008709
117   (dRFE_0.2, enet)     (dRFE_0.2, svr)  ...   2.643659  0.877488
118   (dRFE_0.2, enet)      (dRFE_0.2, rf)  ...   3.493688  0.499435
119    (dRFE_0.2, svr)      (dRFE_0.2, rf)  ...   6.137347  0.002707

[120 rows x 7 columns]
