CPU comparison:
                sum_sq    df            F        PR(>F)
C(ID)     2.854206e+09   3.0  3022.843694  2.722504e-43
Residual  1.133055e+07  36.0          NaN           NaN
Accuracy comparison:
            sum_sq    df          F    PR(>F)
C(ID)     1.422648   3.0  14.593482  0.000002
Residual  1.169822  36.0        NaN       NaN
FDR comparison:
            sum_sq    df        F    PR(>F)
C(ID)     0.484864   3.0  3.47462  0.025819
Residual  1.674533  36.0      NaN       NaN
CPU comparison:
      group1     group2          Diff  ...         Upper     q-value   p-value
0    RFE_0.1  RFE_100.0  20203.215807  ...  20878.935439  113.879704  0.001000
1    RFE_0.1   dRFE_0.1   1614.692409  ...   2290.412041    9.101556  0.001000
2    RFE_0.1   dRFE_0.2    607.589731  ...   1283.309364    3.424808  0.090908
3  RFE_100.0   dRFE_0.1  18588.523398  ...  19264.243030  104.778148  0.001000
4  RFE_100.0   dRFE_0.2  19595.626076  ...  20271.345708  110.454896  0.001000
5   dRFE_0.1   dRFE_0.2   1007.102678  ...   1682.822310    5.676747  0.001581

[6 rows x 7 columns]
Accuracy comparison:
      group1     group2      Diff     Lower     Upper   q-value  p-value
0    RFE_0.1  RFE_100.0  0.434748  0.217628  0.651869  7.626571    0.001
1    RFE_0.1   dRFE_0.1  0.435924  0.218803  0.653044  7.647190    0.001
2    RFE_0.1   dRFE_0.2  0.435914  0.218793  0.653034  7.647014    0.001
3  RFE_100.0   dRFE_0.1  0.001175 -0.215945  0.218296  0.020619    0.900
4  RFE_100.0   dRFE_0.2  0.001165 -0.215955  0.218286  0.020443    0.900
5   dRFE_0.1   dRFE_0.2  0.000010 -0.217111  0.217131  0.000176    0.900
FDR comparison:
      group1     group2      Diff     Lower     Upper   q-value   p-value
0    RFE_0.1  RFE_100.0  0.032106 -0.227664  0.291875  0.470745  0.900000
1    RFE_0.1   dRFE_0.1  0.236093 -0.023676  0.495863  3.461689  0.086178
2    RFE_0.1   dRFE_0.2  0.234049 -0.025721  0.493818  3.431707  0.089969
3  RFE_100.0   dRFE_0.1  0.203988 -0.055782  0.463757  2.990944  0.167894
4  RFE_100.0   dRFE_0.2  0.201943 -0.057827  0.461712  2.960962  0.174678
5   dRFE_0.1   dRFE_0.2  0.002045 -0.257725  0.261814  0.029981  0.900000
