CPU comparison:
                sum_sq    df             F        PR(>F)
C(ID)     4.560486e+06   3.0  29141.823812  5.618667e-61
Residual  1.877914e+03  36.0           NaN           NaN
Accuracy comparison:
            sum_sq    df          F        PR(>F)
C(ID)     0.087106   3.0  19.728952  9.809685e-08
Residual  0.052981  36.0        NaN           NaN
FDR comparison:
            sum_sq    df          F        PR(>F)
C(ID)     3.748171   3.0  30.545131  5.338390e-10
Residual  1.472511  36.0        NaN           NaN
CPU comparison:
      group1     group2        Diff  ...       Upper     q-value  p-value
0    RFE_0.1  RFE_100.0  718.619026  ...  727.318218  314.638704    0.001
1    RFE_0.1   dRFE_0.1  897.764883  ...  906.464075  393.075564    0.001
2    RFE_0.1   dRFE_0.2  460.884597  ...  469.583790  201.792782    0.001
3  RFE_100.0   dRFE_0.1  179.145857  ...  187.845049   78.436860    0.001
4  RFE_100.0   dRFE_0.2  257.734429  ...  266.433621  112.845922    0.001
5   dRFE_0.1   dRFE_0.2  436.880285  ...  445.579478  191.282782    0.001

[6 rows x 7 columns]
Accuracy comparison:
      group1     group2      Diff     Lower     Upper   q-value   p-value
0    RFE_0.1  RFE_100.0  0.095140  0.048934  0.141346  7.842464  0.001000
1    RFE_0.1   dRFE_0.1  0.111880  0.065674  0.158086  9.222356  0.001000
2    RFE_0.1   dRFE_0.2  0.112635  0.066429  0.158841  9.284591  0.001000
3  RFE_100.0   dRFE_0.1  0.016740 -0.029466  0.062946  1.379891  0.741094
4  RFE_100.0   dRFE_0.2  0.017495 -0.028711  0.063701  1.442127  0.716795
5   dRFE_0.1   dRFE_0.2  0.000755 -0.045451  0.046961  0.062235  0.900000
FDR comparison:
      group1     group2      Diff     Lower     Upper    q-value   p-value
0    RFE_0.1  RFE_100.0  0.524747  0.281151  0.768343   8.204875  0.001000
1    RFE_0.1   dRFE_0.1  0.673732  0.430135  0.917328  10.534377  0.001000
2    RFE_0.1   dRFE_0.2  0.806641  0.563045  1.050237  12.612527  0.001000
3  RFE_100.0   dRFE_0.1  0.148984 -0.094612  0.392581   2.329501  0.366672
4  RFE_100.0   dRFE_0.2  0.281894  0.038297  0.525490   4.407651  0.017998
5   dRFE_0.1   dRFE_0.2  0.132909 -0.110687  0.376505   2.078150  0.467022
