CPU comparison:
                          sum_sq     df           F        PR(>F)
C(ID)               4.185791e+07    3.0  212.158282  1.235985e-52
C(Algorithm)        7.134946e+07    3.0  361.637275  8.190517e-67
C(ID):C(Algorithm)  2.491183e+07    9.0   42.088827  4.806618e-36
Residual            9.470191e+06  144.0         NaN           NaN
Accuracy comparison:
                      sum_sq     df          F        PR(>F)
C(ID)               4.004065    3.0  85.598658  7.585464e-32
C(Algorithm)        1.884411    3.0  40.284817  5.782005e-19
C(ID):C(Algorithm)  1.906526    9.0  13.585863  1.264873e-15
Residual            2.245305  144.0        NaN           NaN
FDR comparison:
                      sum_sq     df           F        PR(>F)
C(ID)               7.435991    3.0  151.536205  2.357033e-44
C(Algorithm)        6.166310    3.0  125.661691  5.069130e-40
C(ID):C(Algorithm)  2.269263    9.0   15.414913  2.109443e-17
Residual            2.355395  144.0         NaN           NaN
CPU comparison:
              group1            group2  ...    q-value   p-value
0      (RFE_0.1, lr)    (RFE_0.1, sgd)  ...   3.972849  0.276564
1      (RFE_0.1, lr)    (RFE_0.1, svc)  ...   3.004694  0.716916
2      (RFE_0.1, lr)     (RFE_0.1, rf)  ...   2.860897  0.780870
3      (RFE_0.1, lr)   (RFE_100.0, lr)  ...  38.031120  0.001000
4      (RFE_0.1, lr)  (RFE_100.0, sgd)  ...   2.284089  0.900000
..               ...               ...  ...        ...       ...
115   (dRFE_0.2, lr)   (dRFE_0.2, svc)  ...  17.736818  0.001000
116   (dRFE_0.2, lr)    (dRFE_0.2, rf)  ...  12.276471  0.001000
117  (dRFE_0.2, sgd)   (dRFE_0.2, svc)  ...   3.262499  0.602261
118  (dRFE_0.2, sgd)    (dRFE_0.2, rf)  ...   8.722845  0.001000
119  (dRFE_0.2, svc)    (dRFE_0.2, rf)  ...   5.460347  0.015271

[120 rows x 7 columns]
Accuracy comparison:
              group1            group2      Diff  ...     Upper   q-value   p-value
0      (RFE_0.1, lr)    (RFE_0.1, sgd)  0.394500  ...  0.589268  9.990577  0.001000
1      (RFE_0.1, lr)    (RFE_0.1, svc)  0.008950  ...  0.203718  0.226656  0.900000
2      (RFE_0.1, lr)     (RFE_0.1, rf)  0.236070  ...  0.430838  5.978392  0.004138
3      (RFE_0.1, lr)   (RFE_100.0, lr)  0.050710  ...  0.245478  1.284213  0.900000
4      (RFE_0.1, lr)  (RFE_100.0, sgd)  0.265540  ...  0.460308  6.724709  0.001000
..               ...               ...       ...  ...       ...       ...       ...
115   (dRFE_0.2, lr)   (dRFE_0.2, svc)  0.014110  ...  0.208878  0.357331  0.900000
116   (dRFE_0.2, lr)    (dRFE_0.2, rf)  0.036640  ...  0.231408  0.927895  0.900000
117  (dRFE_0.2, sgd)   (dRFE_0.2, svc)  0.017755  ...  0.212523  0.449639  0.900000
118  (dRFE_0.2, sgd)    (dRFE_0.2, rf)  0.004775  ...  0.199543  0.120925  0.900000
119  (dRFE_0.2, svc)    (dRFE_0.2, rf)  0.022530  ...  0.217298  0.570564  0.900000

[120 rows x 7 columns]
FDR comparison:
              group1            group2      Diff  ...     Upper    q-value  p-value
0      (RFE_0.1, lr)    (RFE_0.1, sgd)  0.032269  ...  0.231755   0.797879    0.900
1      (RFE_0.1, lr)    (RFE_0.1, svc)  0.004455  ...  0.203942   0.110163    0.900
2      (RFE_0.1, lr)     (RFE_0.1, rf)  0.070152  ...  0.269638   1.734563    0.900
3      (RFE_0.1, lr)   (RFE_100.0, lr)  0.017885  ...  0.217371   0.442218    0.900
4      (RFE_0.1, lr)  (RFE_100.0, sgd)  0.030572  ...  0.230058   0.755913    0.900
..               ...               ...       ...  ...       ...        ...      ...
115   (dRFE_0.2, lr)   (dRFE_0.2, svc)  0.007695  ...  0.207181   0.190256    0.900
116   (dRFE_0.2, lr)    (dRFE_0.2, rf)  0.634981  ...  0.834467  15.700367    0.001
117  (dRFE_0.2, sgd)   (dRFE_0.2, svc)  0.333618  ...  0.533104   8.248943    0.001
118  (dRFE_0.2, sgd)    (dRFE_0.2, rf)  0.293668  ...  0.493154   7.261168    0.001
119  (dRFE_0.2, svc)    (dRFE_0.2, rf)  0.627286  ...  0.826772  15.510112    0.001

[120 rows x 7 columns]
