CPU comparison:
                sum_sq    df             F        PR(>F)
C(ID)     1.095914e+07   3.0  47448.502843  8.713715e-65
Residual  2.771628e+03  36.0           NaN           NaN
Accuracy comparison:
            sum_sq    df          F    PR(>F)
C(ID)     1.276463   3.0  12.622795  0.000009
Residual  1.213483  36.0        NaN       NaN
FDR comparison:
            sum_sq    df           F        PR(>F)
C(ID)     1.700721   3.0  172.936952  1.968040e-21
Residual  0.118012  36.0         NaN           NaN
CPU comparison:
      group1     group2         Diff  ...        Upper     q-value  p-value
0    RFE_0.1  RFE_100.0  1398.429973  ...  1408.998358  503.992955    0.001
1    RFE_0.1   dRFE_0.1   920.424658  ...   930.993043  331.720252    0.001
2    RFE_0.1   dRFE_0.2   435.336682  ...   445.905067  156.894964    0.001
3  RFE_100.0   dRFE_0.1   478.005315  ...   488.573700  172.272703    0.001
4  RFE_100.0   dRFE_0.2   963.093291  ...   973.661676  347.097991    0.001
5   dRFE_0.1   dRFE_0.2   485.087976  ...   495.656361  174.825288    0.001

[6 rows x 7 columns]
Accuracy comparison:
      group1     group2      Diff     Lower     Upper   q-value  p-value
0    RFE_0.1  RFE_100.0  0.408671  0.187536  0.629806  7.038952    0.001
1    RFE_0.1   dRFE_0.1  0.414421  0.193286  0.635557  7.138000    0.001
2    RFE_0.1   dRFE_0.2  0.414441  0.193306  0.635577  7.138345    0.001
3  RFE_100.0   dRFE_0.1  0.005751 -0.215385  0.226886  0.099048    0.900
4  RFE_100.0   dRFE_0.2  0.005771 -0.215365  0.226906  0.099392    0.900
5   dRFE_0.1   dRFE_0.2  0.000020 -0.221115  0.221155  0.000345    0.900
FDR comparison:
      group1     group2      Diff     Lower     Upper    q-value  p-value
0    RFE_0.1  RFE_100.0  0.196008  0.127047  0.264969  10.825835    0.001
1    RFE_0.1   dRFE_0.1  0.484541  0.415580  0.553502  26.761987    0.001
2    RFE_0.1   dRFE_0.2  0.488270  0.419309  0.557231  26.967941    0.001
3  RFE_100.0   dRFE_0.1  0.288533  0.219572  0.357494  15.936152    0.001
4  RFE_100.0   dRFE_0.2  0.292262  0.223301  0.361223  16.142106    0.001
5   dRFE_0.1   dRFE_0.2  0.003729 -0.065232  0.072690   0.205954    0.900
