CPU comparison:
                sum_sq    df          F        PR(>F)
C(ID)     1.223976e+07   3.0  42.613322  6.196844e-12
Residual  3.446741e+06  36.0        NaN           NaN
Accuracy comparison:
            sum_sq    df          F        PR(>F)
C(ID)     0.054688   3.0  90.880573  7.358802e-17
Residual  0.007221  36.0        NaN           NaN
FDR comparison:
            sum_sq    df           F        PR(>F)
C(ID)     4.260865   3.0  126.768147  3.423414e-19
Residual  0.403338  36.0         NaN           NaN
CPU comparison:
      group1     group2         Diff  ...        Upper    q-value  p-value
0    RFE_0.1  RFE_100.0  1319.695625  ...  1692.383659  13.487166    0.001
1    RFE_0.1   dRFE_0.1  1368.588152  ...  1741.276186  13.986843    0.001
2    RFE_0.1   dRFE_0.2   739.879984  ...  1112.568018   7.561504    0.001
3  RFE_100.0   dRFE_0.1    48.892527  ...   421.580561   0.499677    0.900
4  RFE_100.0   dRFE_0.2   579.815641  ...   952.503675   5.925662    0.001
5   dRFE_0.1   dRFE_0.2   628.708168  ...  1001.396202   6.425339    0.001

[6 rows x 7 columns]
Accuracy comparison:
      group1     group2      Diff     Lower     Upper    q-value  p-value
0    RFE_0.1  RFE_100.0  0.084850  0.067792  0.101908  18.945407    0.001
1    RFE_0.1   dRFE_0.1  0.085935  0.068877  0.102993  19.187667    0.001
2    RFE_0.1   dRFE_0.2  0.085375  0.068317  0.102433  19.062629    0.001
3  RFE_100.0   dRFE_0.1  0.001085 -0.015973  0.018143   0.242260    0.900
4  RFE_100.0   dRFE_0.2  0.000525 -0.016533  0.017583   0.117223    0.900
5   dRFE_0.1   dRFE_0.2  0.000560 -0.016498  0.017618   0.125037    0.900
FDR comparison:
      group1     group2      Diff     Lower     Upper    q-value   p-value
0    RFE_0.1  RFE_100.0  0.606925  0.479435  0.734415  18.132257  0.001000
1    RFE_0.1   dRFE_0.1  0.815103  0.687613  0.942593  24.351706  0.001000
2    RFE_0.1   dRFE_0.2  0.773765  0.646275  0.901255  23.116703  0.001000
3  RFE_100.0   dRFE_0.1  0.208178  0.080688  0.335668   6.219449  0.001000
4  RFE_100.0   dRFE_0.2  0.166840  0.039350  0.294330   4.984447  0.006183
5   dRFE_0.1   dRFE_0.2  0.041338 -0.086152  0.168828   1.235002  0.797662
