CPU comparison:
                sum_sq    df             F        PR(>F)
C(ID)     1.239068e+09   3.0  16038.422608  2.602118e-56
Residual  9.270746e+05  36.0           NaN           NaN
Accuracy comparison:
            sum_sq    df          F        PR(>F)
C(ID)     1.908594   3.0  20.418031  6.702914e-08
Residual  1.121711  36.0        NaN           NaN
FDR comparison:
            sum_sq    df           F        PR(>F)
C(ID)     0.418727   3.0  106.299652  6.006118e-18
Residual  0.047269  36.0         NaN           NaN
CPU comparison:
      group1     group2          Diff  ...         Upper     q-value  p-value
0    RFE_0.1  RFE_100.0  13449.197591  ...  13642.482721  265.027105    0.001
1    RFE_0.1   dRFE_0.1   1517.724949  ...   1711.010079   29.907974    0.001
2    RFE_0.1   dRFE_0.2    458.784335  ...    652.069466    9.040709    0.001
3  RFE_100.0   dRFE_0.1  11931.472642  ...  12124.757772  235.119131    0.001
4  RFE_100.0   dRFE_0.2  12990.413255  ...  13183.698386  255.986396    0.001
5   dRFE_0.1   dRFE_0.2   1058.940613  ...   1252.225744   20.867265    0.001

[6 rows x 7 columns]
Accuracy comparison:
      group1     group2      Diff     Lower     Upper   q-value   p-value
0    RFE_0.1  RFE_100.0  0.443750  0.231141  0.656359  7.949672  0.001000
1    RFE_0.1   dRFE_0.1  0.525880  0.313271  0.738489  9.421011  0.001000
2    RFE_0.1   dRFE_0.2  0.525825  0.313216  0.738434  9.420025  0.001000
3  RFE_100.0   dRFE_0.1  0.082130 -0.130479  0.294739  1.471339  0.705390
4  RFE_100.0   dRFE_0.2  0.082075 -0.130534  0.294684  1.470353  0.705772
5   dRFE_0.1   dRFE_0.2  0.000055 -0.212554  0.212664  0.000985  0.900000
FDR comparison:
      group1     group2      Diff     Lower     Upper    q-value   p-value
0    RFE_0.1  RFE_100.0  0.042554 -0.001090  0.086199   3.713695  0.058287
1    RFE_0.1   dRFE_0.1  0.228318  0.184673  0.271962  19.925095  0.001000
2    RFE_0.1   dRFE_0.2  0.218821  0.175177  0.262466  19.096378  0.001000
3  RFE_100.0   dRFE_0.1  0.185763  0.142118  0.229408  16.211400  0.001000
4  RFE_100.0   dRFE_0.2  0.176267  0.132622  0.219912  15.382683  0.001000
5   dRFE_0.1   dRFE_0.2  0.009496 -0.034149  0.053141   0.828717  0.900000
