CPU comparison:
                          sum_sq     df            F         PR(>F)
C(ID)               1.786392e+07    3.0  2236.278997  1.578540e-120
C(Algorithm)        1.539364e+07    3.0  1927.039049  5.572165e-116
C(ID):C(Algorithm)  8.532866e+06    9.0   356.059767   1.067356e-93
Residual            3.834352e+05  144.0          NaN            NaN
Accuracy comparison:
                      sum_sq     df          F        PR(>F)
C(ID)               0.257691    3.0  18.315218  4.025207e-10
C(Algorithm)        0.024616    3.0   1.749556  1.595540e-01
C(ID):C(Algorithm)  0.089728    9.0   2.125795  3.087851e-02
Residual            0.675350  144.0        NaN           NaN
FDR comparison:
                       sum_sq     df           F        PR(>F)
C(ID)               14.712929    3.0  118.342656  1.116223e-38
C(Algorithm)         0.111507    3.0    0.896904  4.444756e-01
C(ID):C(Algorithm)   1.938929    9.0    5.198557  4.108392e-06
Residual             5.967591  144.0         NaN           NaN
CPU comparison:
              group1            group2  ...    q-value   p-value
0      (RFE_0.1, lr)    (RFE_0.1, sgd)  ...   4.637857  0.090012
1      (RFE_0.1, lr)    (RFE_0.1, svc)  ...   0.585933  0.900000
2      (RFE_0.1, lr)     (RFE_0.1, rf)  ...   2.335108  0.900000
3      (RFE_0.1, lr)   (RFE_100.0, lr)  ...  81.538559  0.001000
4      (RFE_0.1, lr)  (RFE_100.0, sgd)  ...   1.724616  0.900000
..               ...               ...  ...        ...       ...
115   (dRFE_0.2, lr)   (dRFE_0.2, svc)  ...  30.698313  0.001000
116   (dRFE_0.2, lr)    (dRFE_0.2, rf)  ...  32.240515  0.001000
117  (dRFE_0.2, sgd)   (dRFE_0.2, svc)  ...  26.626244  0.001000
118  (dRFE_0.2, sgd)    (dRFE_0.2, rf)  ...  25.084041  0.001000
119  (dRFE_0.2, svc)    (dRFE_0.2, rf)  ...   1.542202  0.900000

[120 rows x 7 columns]
Accuracy comparison:
              group1            group2      Diff  ...     Upper   q-value   p-value
0      (RFE_0.1, lr)    (RFE_0.1, sgd)  0.021035  ...  0.127853  0.971314  0.900000
1      (RFE_0.1, lr)    (RFE_0.1, svc)  0.000090  ...  0.106908  0.004156  0.900000
2      (RFE_0.1, lr)     (RFE_0.1, rf)  0.019290  ...  0.126108  0.890736  0.900000
3      (RFE_0.1, lr)   (RFE_100.0, lr)  0.092780  ...  0.199598  4.284215  0.170727
4      (RFE_0.1, lr)  (RFE_100.0, sgd)  0.089090  ...  0.195908  4.113826  0.224193
..               ...               ...       ...  ...       ...       ...       ...
115   (dRFE_0.2, lr)   (dRFE_0.2, svc)  0.113760  ...  0.220578  5.252989  0.024770
116   (dRFE_0.2, lr)    (dRFE_0.2, rf)  0.121950  ...  0.228768  5.631171  0.010067
117  (dRFE_0.2, sgd)   (dRFE_0.2, svc)  0.007980  ...  0.114798  0.368485  0.900000
118  (dRFE_0.2, sgd)    (dRFE_0.2, rf)  0.000210  ...  0.107028  0.009697  0.900000
119  (dRFE_0.2, svc)    (dRFE_0.2, rf)  0.008190  ...  0.115008  0.378182  0.900000

[120 rows x 7 columns]
FDR comparison:
              group1            group2      Diff  ...     Upper    q-value   p-value
0      (RFE_0.1, lr)    (RFE_0.1, sgd)  0.089133  ...  0.406660   1.384592  0.900000
1      (RFE_0.1, lr)    (RFE_0.1, svc)  0.000450  ...  0.317977   0.006990  0.900000
2      (RFE_0.1, lr)     (RFE_0.1, rf)  0.000217  ...  0.317743   0.003366  0.900000
3      (RFE_0.1, lr)   (RFE_100.0, lr)  0.651050  ...  0.968577  10.113374  0.001000
4      (RFE_0.1, lr)  (RFE_100.0, sgd)  0.342550  ...  0.660077   5.321152  0.021194
..               ...               ...       ...  ...       ...        ...       ...
115   (dRFE_0.2, lr)   (dRFE_0.2, svc)  0.287146  ...  0.604672   4.460504  0.125003
116   (dRFE_0.2, lr)    (dRFE_0.2, rf)  0.401300  ...  0.718827   6.233768  0.002082
117  (dRFE_0.2, sgd)   (dRFE_0.2, svc)  0.151790  ...  0.469316   2.357892  0.900000
118  (dRFE_0.2, sgd)    (dRFE_0.2, rf)  0.037636  ...  0.355162   0.584629  0.900000
119  (dRFE_0.2, svc)    (dRFE_0.2, rf)  0.114154  ...  0.431681   1.773264  0.900000

[120 rows x 7 columns]
